<?xml version="1.0" encoding="UTF-8"?>
<testsuite name="ShoppingCartTest" tests="1" skipped="0" failures="0" errors="0" timestamp="2025-04-16T12:53:38" hostname="MacBook-Pro-Andrej-2.local" time="0.045">
  <properties/>
  <testcase name="ShoppingCartTest()" classname="ShoppingCartTest" time="0.045"/>
  <system-out><![CDATA[]]></system-out>
  <system-err><![CDATA[]]></system-err>
</testsuite>
